# JRE version: Java(TM) SE Runtime Environment (8.0_91-b15) (build 1.8.0_91-b15)
# Java VM: Java HotSpot(TM) 64-Bit Server VM (25.91-b15 mixed mode windows-amd64 compressed oops)
Heap:
 PSYoungGen      total 107008K, used 32479K [0x00000000d6000000, 0x00000000df480000, 0x0000000100000000)
  eden space 94720K, 24% used [0x00000000d6000000,0x00000000d7674110,0x00000000dbc80000)
  from space 12288K, 77% used [0x00000000dbc80000,0x00000000dc5c3e98,0x00000000dc880000)
  to   space 12800K, 0% used [0x00000000de800000,0x00000000de800000,0x00000000df480000)
 ParOldGen       total 80896K, used 23570K [0x0000000082000000, 0x0000000086f00000, 0x00000000d6000000)
  object space 80896K, 29% used [0x0000000082000000,0x0000000083704b90,0x0000000086f00000)
 Metaspace       used 28288K, capacity 30002K, committed 30208K, reserved 1075200K
  class space    used 3915K, capacity 4228K, committed 4352K, reserved 1048576K
GC Heap History (10 events):
Event: 2.181 GC heap before
{Heap before GC invocations=6 (full 1):
 PSYoungGen      total 46592K, used 46577K [0x00000000d6000000, 0x00000000d9480000, 0x0000000100000000)
  eden space 41472K, 100% used [0x00000000d6000000,0x00000000d8880000,0x00000000d8880000)
  from space 5120K, 99% used [0x00000000d8d80000,0x00000000d927c490,0x00000000d9280000)
  to   space 5120K, 0% used [0x00000000d8880000,0x00000000d8880000,0x00000000d8d80000)
 ParOldGen       total 80896K, used 19434K [0x0000000082000000, 0x0000000086f00000, 0x00000000d6000000)
  object space 80896K, 24% used [0x0000000082000000,0x00000000832fab70,0x0000000086f00000)
 Metaspace       used 26524K, capacity 28040K, committed 28160K, reserved 1073152K
  class space    used 3779K, capacity 4085K, committed 4096K, reserved 1048576K
Event: 2.185 GC heap after
Heap after GC invocations=6 (full 1):
 PSYoungGen      total 46592K, used 3601K [0x00000000d6000000, 0x00000000db500000, 0x0000000100000000)
  eden space 41472K, 0% used [0x00000000d6000000,0x00000000d6000000,0x00000000d8880000)
  from space 5120K, 70% used [0x00000000d8880000,0x00000000d8c046e0,0x00000000d8d80000)
  to   space 13312K, 0% used [0x00000000da800000,0x00000000da800000,0x00000000db500000)
 ParOldGen       total 80896K, used 23538K [0x0000000082000000, 0x0000000086f00000, 0x00000000d6000000)
  object space 80896K, 29% used [0x0000000082000000,0x00000000836fcb90,0x0000000086f00000)
 Metaspace       used 26524K, capacity 28040K, committed 28160K, reserved 1073152K
  class space    used 3779K, capacity 4085K, committed 4096K, reserved 1048576K
}
Event: 2.360 GC heap before
{Heap before GC invocations=7 (full 1):
 PSYoungGen      total 46592K, used 45073K [0x00000000d6000000, 0x00000000db500000, 0x0000000100000000)
  eden space 41472K, 99% used [0x00000000d6000000,0x00000000d887ff40,0x00000000d8880000)
  from space 5120K, 70% used [0x00000000d8880000,0x00000000d8c046e0,0x00000000d8d80000)
  to   space 13312K, 0% used [0x00000000da800000,0x00000000da800000,0x00000000db500000)
 ParOldGen       total 80896K, used 23538K [0x0000000082000000, 0x0000000086f00000, 0x00000000d6000000)
  object space 80896K, 29% used [0x0000000082000000,0x00000000836fcb90,0x0000000086f00000)
 Metaspace       used 26974K, capacity 28548K, committed 28800K, reserved 1073152K
  class space    used 3847K, capacity 4143K, committed 4224K, reserved 1048576K
Event: 2.364 GC heap after
Heap after GC invocations=7 (full 1):
 PSYoungGen      total 74240K, used 5169K [0x00000000d6000000, 0x00000000db500000, 0x0000000100000000)
  eden space 60928K, 0% used [0x00000000d6000000,0x00000000d6000000,0x00000000d9b80000)
  from space 13312K, 38% used [0x00000000da800000,0x00000000dad0c6c0,0x00000000db500000)
  to   space 12800K, 0% used [0x00000000d9b80000,0x00000000d9b80000,0x00000000da800000)
 ParOldGen       total 80896K, used 23546K [0x0000000082000000, 0x0000000086f00000, 0x00000000d6000000)
  object space 80896K, 29% used [0x0000000082000000,0x00000000836feb90,0x0000000086f00000)
 Metaspace       used 26974K, capacity 28548K, committed 28800K, reserved 1073152K
  class space    used 3847K, capacity 4143K, committed 4224K, reserved 1048576K
}
Event: 2.450 GC heap before
{Heap before GC invocations=8 (full 1):
 PSYoungGen      total 74240K, used 66097K [0x00000000d6000000, 0x00000000db500000, 0x0000000100000000)
  eden space 60928K, 100% used [0x00000000d6000000,0x00000000d9b80000,0x00000000d9b80000)
  from space 13312K, 38% used [0x00000000da800000,0x00000000dad0c6c0,0x00000000db500000)
  to   space 12800K, 0% used [0x00000000d9b80000,0x00000000d9b80000,0x00000000da800000)
 ParOldGen       total 80896K, used 23546K [0x0000000082000000, 0x0000000086f00000, 0x00000000d6000000)
  object space 80896K, 29% used [0x0000000082000000,0x00000000836feb90,0x0000000086f00000)
 Metaspace       used 27079K, capacity 28612K, committed 28800K, reserved 1073152K
  class space    used 3847K, capacity 4143K, committed 4224K, reserved 1048576K
Event: 2.455 GC heap after
Heap after GC invocations=8 (full 1):
 PSYoungGen      total 73728K, used 6850K [0x00000000d6000000, 0x00000000dd580000, 0x0000000100000000)
  eden space 60928K, 0% used [0x00000000d6000000,0x00000000d6000000,0x00000000d9b80000)
  from space 12800K, 53% used [0x00000000d9b80000,0x00000000da230ba8,0x00000000da800000)
  to   space 12288K, 0% used [0x00000000dc980000,0x00000000dc980000,0x00000000dd580000)
 ParOldGen       total 80896K, used 23554K [0x0000000082000000, 0x0000000086f00000, 0x00000000d6000000)
  object space 80896K, 29% used [0x0000000082000000,0x0000000083700b90,0x0000000086f00000)
 Metaspace       used 27079K, capacity 28612K, committed 28800K, reserved 1073152K
  class space    used 3847K, capacity 4143K, committed 4224K, reserved 1048576K
}
Event: 2.763 GC heap before
{Heap before GC invocations=9 (full 1):
 PSYoungGen      total 73728K, used 67768K [0x00000000d6000000, 0x00000000dd580000, 0x0000000100000000)
  eden space 60928K, 99% used [0x00000000d6000000,0x00000000d9b7d608,0x00000000d9b80000)
  from space 12800K, 53% used [0x00000000d9b80000,0x00000000da230ba8,0x00000000da800000)
  to   space 12288K, 0% used [0x00000000dc980000,0x00000000dc980000,0x00000000dd580000)
 ParOldGen       total 80896K, used 23554K [0x0000000082000000, 0x0000000086f00000, 0x00000000d6000000)
  object space 80896K, 29% used [0x0000000082000000,0x0000000083700b90,0x0000000086f00000)
 Metaspace       used 27734K, capacity 29300K, committed 29568K, reserved 1075200K
  class space    used 3883K, capacity 4177K, committed 4224K, reserved 1048576K
Event: 2.771 GC heap after
Heap after GC invocations=9 (full 1):
 PSYoungGen      total 105984K, used 8440K [0x00000000d6000000, 0x00000000dd480000, 0x0000000100000000)
  eden space 94720K, 0% used [0x00000000d6000000,0x00000000d6000000,0x00000000dbc80000)
  from space 11264K, 74% used [0x00000000dc980000,0x00000000dd1be270,0x00000000dd480000)
  to   space 12288K, 0% used [0x00000000dbc80000,0x00000000dbc80000,0x00000000dc880000)
 ParOldGen       total 80896K, used 23562K [0x0000000082000000, 0x0000000086f00000, 0x00000000d6000000)
  object space 80896K, 29% used [0x0000000082000000,0x0000000083702b90,0x0000000086f00000)
 Metaspace       used 27734K, capacity 29300K, committed 29568K, reserved 1075200K
  class space    used 3883K, capacity 4177K, committed 4224K, reserved 1048576K
}
Event: 3.108 GC heap before
{Heap before GC invocations=10 (full 1):
 PSYoungGen      total 105984K, used 103155K [0x00000000d6000000, 0x00000000dd480000, 0x0000000100000000)
  eden space 94720K, 99% used [0x00000000d6000000,0x00000000dbc7ecc0,0x00000000dbc80000)
  from space 11264K, 74% used [0x00000000dc980000,0x00000000dd1be270,0x00000000dd480000)
  to   space 12288K, 0% used [0x00000000dbc80000,0x00000000dbc80000,0x00000000dc880000)
 ParOldGen       total 80896K, used 23562K [0x0000000082000000, 0x0000000086f00000, 0x00000000d6000000)
  object space 80896K, 29% used [0x0000000082000000,0x0000000083702b90,0x0000000086f00000)
 Metaspace       used 28147K, capacity 29792K, committed 29952K, reserved 1075200K
  class space    used 3911K, capacity 4225K, committed 4352K, reserved 1048576K
Event: 3.117 GC heap after
Heap after GC invocations=10 (full 1):
 PSYoungGen      total 107008K, used 9487K [0x00000000d6000000, 0x00000000df480000, 0x0000000100000000)
  eden space 94720K, 0% used [0x00000000d6000000,0x00000000d6000000,0x00000000dbc80000)
  from space 12288K, 77% used [0x00000000dbc80000,0x00000000dc5c3e98,0x00000000dc880000)
  to   space 12800K, 0% used [0x00000000de800000,0x00000000de800000,0x00000000df480000)
 ParOldGen       total 80896K, used 23570K [0x0000000082000000, 0x0000000086f00000, 0x00000000d6000000)
  object space 80896K, 29% used [0x0000000082000000,0x0000000083704b90,0x0000000086f00000)
 Metaspace       used 28147K, capacity 29792K, committed 29952K, reserved 1075200K
  class space    used 3911K, capacity 4225K, committed 4352K, reserved 1048576K
}

