# JRE version: Java(TM) SE Runtime Environment (8.0_91-b15) (build 1.8.0_91-b15)
# Java VM: Java HotSpot(TM) 64-Bit Server VM (25.91-b15 mixed mode windows-amd64 compressed oops)
Heap:
 PSYoungGen      total 95744K, used 62540K [0x00000000d6000000, 0x00000000dcc80000, 0x0000000100000000)
  eden space 85504K, 61% used [0x00000000d6000000,0x00000000d938f370,0x00000000db380000)
  from space 10240K, 95% used [0x00000000dc280000,0x00000000dcc03e40,0x00000000dcc80000)
  to   space 12800K, 0% used [0x00000000db380000,0x00000000db380000,0x00000000dc000000)
 ParOldGen       total 80896K, used 29017K [0x0000000082000000, 0x0000000086f00000, 0x00000000d6000000)
  object space 80896K, 35% used [0x0000000082000000,0x0000000083c567b0,0x0000000086f00000)
 Metaspace       used 29396K, capacity 31028K, committed 31232K, reserved 1077248K
  class space    used 3985K, capacity 4285K, committed 4352K, reserved 1048576K
GC Heap History (10 events):
Event: 9.534 GC heap before
{Heap before GC invocations=7 (full 1):
 PSYoungGen      total 46080K, used 46058K [0x00000000d6000000, 0x00000000db000000, 0x0000000100000000)
  eden space 40960K, 99% used [0x00000000d6000000,0x00000000d87fcd48,0x00000000d8800000)
  from space 5120K, 99% used [0x00000000d8800000,0x00000000d8cfdce0,0x00000000d8d00000)
  to   space 14336K, 0% used [0x00000000da200000,0x00000000da200000,0x00000000db000000)
 ParOldGen       total 80896K, used 26404K [0x0000000082000000, 0x0000000086f00000, 0x00000000d6000000)
  object space 80896K, 32% used [0x0000000082000000,0x00000000839c92a8,0x0000000086f00000)
 Metaspace       used 28938K, capacity 30576K, committed 30720K, reserved 1075200K
  class space    used 3981K, capacity 4285K, committed 4352K, reserved 1048576K
Event: 9.540 GC heap after
Heap after GC invocations=7 (full 1):
 PSYoungGen      total 65536K, used 7621K [0x00000000d6000000, 0x00000000daf00000, 0x0000000100000000)
  eden space 52224K, 0% used [0x00000000d6000000,0x00000000d6000000,0x00000000d9300000)
  from space 13312K, 57% used [0x00000000da200000,0x00000000da971598,0x00000000daf00000)
  to   space 14336K, 0% used [0x00000000d9300000,0x00000000d9300000,0x00000000da100000)
 ParOldGen       total 80896K, used 26412K [0x0000000082000000, 0x0000000086f00000, 0x00000000d6000000)
  object space 80896K, 32% used [0x0000000082000000,0x00000000839cb2a8,0x0000000086f00000)
 Metaspace       used 28938K, capacity 30576K, committed 30720K, reserved 1075200K
  class space    used 3981K, capacity 4285K, committed 4352K, reserved 1048576K
}
Event: 9.858 GC heap before
{Heap before GC invocations=8 (full 1):
 PSYoungGen      total 65536K, used 59839K [0x00000000d6000000, 0x00000000daf00000, 0x0000000100000000)
  eden space 52224K, 99% used [0x00000000d6000000,0x00000000d92fe900,0x00000000d9300000)
  from space 13312K, 57% used [0x00000000da200000,0x00000000da971598,0x00000000daf00000)
  to   space 14336K, 0% used [0x00000000d9300000,0x00000000d9300000,0x00000000da100000)
 ParOldGen       total 80896K, used 26412K [0x0000000082000000, 0x0000000086f00000, 0x00000000d6000000)
  object space 80896K, 32% used [0x0000000082000000,0x00000000839cb2a8,0x0000000086f00000)
 Metaspace       used 29137K, capacity 30768K, committed 30976K, reserved 1075200K
  class space    used 3981K, capacity 4285K, committed 4352K, reserved 1048576K
Event: 9.865 GC heap after
Heap after GC invocations=8 (full 1):
 PSYoungGen      total 66560K, used 8653K [0x00000000d6000000, 0x00000000dbe00000, 0x0000000100000000)
  eden space 52224K, 0% used [0x00000000d6000000,0x00000000d6000000,0x00000000d9300000)
  from space 14336K, 60% used [0x00000000d9300000,0x00000000d9b734f0,0x00000000da100000)
  to   space 13312K, 0% used [0x00000000db100000,0x00000000db100000,0x00000000dbe00000)
 ParOldGen       total 80896K, used 26412K [0x0000000082000000, 0x0000000086f00000, 0x00000000d6000000)
  object space 80896K, 32% used [0x0000000082000000,0x00000000839cb2a8,0x0000000086f00000)
 Metaspace       used 29137K, capacity 30768K, committed 30976K, reserved 1075200K
  class space    used 3981K, capacity 4285K, committed 4352K, reserved 1048576K
}
Event: 10.015 GC heap before
{Heap before GC invocations=9 (full 1):
 PSYoungGen      total 66560K, used 60864K [0x00000000d6000000, 0x00000000dbe00000, 0x0000000100000000)
  eden space 52224K, 99% used [0x00000000d6000000,0x00000000d92fcb58,0x00000000d9300000)
  from space 14336K, 60% used [0x00000000d9300000,0x00000000d9b734f0,0x00000000da100000)
  to   space 13312K, 0% used [0x00000000db100000,0x00000000db100000,0x00000000dbe00000)
 ParOldGen       total 80896K, used 26441K [0x0000000082000000, 0x0000000086f00000, 0x00000000d6000000)
  object space 80896K, 32% used [0x0000000082000000,0x00000000839d2648,0x0000000086f00000)
 Metaspace       used 29223K, capacity 30896K, committed 30976K, reserved 1075200K
  class space    used 3982K, capacity 4285K, committed 4352K, reserved 1048576K
Event: 10.023 GC heap after
Heap after GC invocations=9 (full 1):
 PSYoungGen      total 83456K, used 9021K [0x00000000d6000000, 0x00000000dc480000, 0x0000000100000000)
  eden space 70144K, 0% used [0x00000000d6000000,0x00000000d6000000,0x00000000da480000)
  from space 13312K, 67% used [0x00000000db100000,0x00000000db9cf4e0,0x00000000dbe00000)
  to   space 12800K, 0% used [0x00000000da480000,0x00000000da480000,0x00000000db100000)
 ParOldGen       total 80896K, used 26449K [0x0000000082000000, 0x0000000086f00000, 0x00000000d6000000)
  object space 80896K, 32% used [0x0000000082000000,0x00000000839d4648,0x0000000086f00000)
 Metaspace       used 29223K, capacity 30896K, committed 30976K, reserved 1075200K
  class space    used 3982K, capacity 4285K, committed 4352K, reserved 1048576K
}
Event: 12.096 GC heap before
{Heap before GC invocations=10 (full 1):
 PSYoungGen      total 83456K, used 79156K [0x00000000d6000000, 0x00000000dc480000, 0x0000000100000000)
  eden space 70144K, 99% used [0x00000000d6000000,0x00000000da47dd30,0x00000000da480000)
  from space 13312K, 67% used [0x00000000db100000,0x00000000db9cf4e0,0x00000000dbe00000)
  to   space 12800K, 0% used [0x00000000da480000,0x00000000da480000,0x00000000db100000)
 ParOldGen       total 80896K, used 29001K [0x0000000082000000, 0x0000000086f00000, 0x00000000d6000000)
  object space 80896K, 35% used [0x0000000082000000,0x0000000083c527b0,0x0000000086f00000)
 Metaspace       used 29307K, capacity 30964K, committed 31232K, reserved 1077248K
  class space    used 3984K, capacity 4285K, committed 4352K, reserved 1048576K
Event: 12.103 GC heap after
Heap after GC invocations=10 (full 1):
 PSYoungGen      total 82944K, used 9248K [0x00000000d6000000, 0x00000000dcf00000, 0x0000000100000000)
  eden space 70144K, 0% used [0x00000000d6000000,0x00000000d6000000,0x00000000da480000)
  from space 12800K, 72% used [0x00000000da480000,0x00000000dad882d0,0x00000000db100000)
  to   space 12800K, 0% used [0x00000000dc280000,0x00000000dc280000,0x00000000dcf00000)
 ParOldGen       total 80896K, used 29009K [0x0000000082000000, 0x0000000086f00000, 0x00000000d6000000)
  object space 80896K, 35% used [0x0000000082000000,0x0000000083c547b0,0x0000000086f00000)
 Metaspace       used 29307K, capacity 30964K, committed 31232K, reserved 1077248K
  class space    used 3984K, capacity 4285K, committed 4352K, reserved 1048576K
}
Event: 15.357 GC heap before
{Heap before GC invocations=11 (full 1):
 PSYoungGen      total 82944K, used 79377K [0x00000000d6000000, 0x00000000dcf00000, 0x0000000100000000)
  eden space 70144K, 99% used [0x00000000d6000000,0x00000000da47c290,0x00000000da480000)
  from space 12800K, 72% used [0x00000000da480000,0x00000000dad882d0,0x00000000db100000)
  to   space 12800K, 0% used [0x00000000dc280000,0x00000000dc280000,0x00000000dcf00000)
 ParOldGen       total 80896K, used 29009K [0x0000000082000000, 0x0000000086f00000, 0x00000000d6000000)
  object space 80896K, 35% used [0x0000000082000000,0x0000000083c547b0,0x0000000086f00000)
 Metaspace       used 29376K, capacity 31028K, committed 31232K, reserved 1077248K
  class space    used 3984K, capacity 4285K, committed 4352K, reserved 1048576K
Event: 15.364 GC heap after
Heap after GC invocations=11 (full 1):
 PSYoungGen      total 95744K, used 9743K [0x00000000d6000000, 0x00000000dcc80000, 0x0000000100000000)
  eden space 85504K, 0% used [0x00000000d6000000,0x00000000d6000000,0x00000000db380000)
  from space 10240K, 95% used [0x00000000dc280000,0x00000000dcc03e40,0x00000000dcc80000)
  to   space 12800K, 0% used [0x00000000db380000,0x00000000db380000,0x00000000dc000000)
 ParOldGen       total 80896K, used 29017K [0x0000000082000000, 0x0000000086f00000, 0x00000000d6000000)
  object space 80896K, 35% used [0x0000000082000000,0x0000000083c567b0,0x0000000086f00000)
 Metaspace       used 29376K, capacity 31028K, committed 31232K, reserved 1077248K
  class space    used 3984K, capacity 4285K, committed 4352K, reserved 1048576K
}

