# JRE version: Java(TM) SE Runtime Environment (8.0_91-b15) (build 1.8.0_91-b15)
# Java VM: Java HotSpot(TM) 64-Bit Server VM (25.91-b15 mixed mode windows-amd64 compressed oops)
Heap:
 PSYoungGen      total 95744K, used 49909K [0x00000000d6000000, 0x00000000dcd00000, 0x0000000100000000)
  eden space 82944K, 47% used [0x00000000d6000000,0x00000000d8681f48,0x00000000db100000)
  from space 12800K, 81% used [0x00000000dc080000,0x00000000dcabb6f0,0x00000000dcd00000)
  to   space 14336K, 0% used [0x00000000db100000,0x00000000db100000,0x00000000dbf00000)
 ParOldGen       total 80384K, used 21076K [0x0000000082000000, 0x0000000086e80000, 0x00000000d6000000)
  object space 80384K, 26% used [0x0000000082000000,0x00000000834950f0,0x0000000086e80000)
 Metaspace       used 28893K, capacity 30568K, committed 30720K, reserved 1075200K
  class space    used 3941K, capacity 4241K, committed 4352K, reserved 1048576K
GC Heap History (10 events):
Event: 15.029 GC heap before
{Heap before GC invocations=7 (full 1):
 PSYoungGen      total 45056K, used 45018K [0x00000000d6000000, 0x00000000da780000, 0x0000000100000000)
  eden space 39936K, 99% used [0x00000000d6000000,0x00000000d86f8458,0x00000000d8700000)
  from space 5120K, 99% used [0x00000000d8700000,0x00000000d8bfe570,0x00000000d8c00000)
  to   space 13824K, 0% used [0x00000000d9a00000,0x00000000d9a00000,0x00000000da780000)
 ParOldGen       total 80384K, used 21036K [0x0000000082000000, 0x0000000086e80000, 0x00000000d6000000)
  object space 80384K, 26% used [0x0000000082000000,0x000000008348b0f0,0x0000000086e80000)
 Metaspace       used 27763K, capacity 29398K, committed 29568K, reserved 1075200K
  class space    used 3916K, capacity 4202K, committed 4224K, reserved 1048576K
Event: 15.033 GC heap after
Heap after GC invocations=7 (full 1):
 PSYoungGen      total 59392K, used 5423K [0x00000000d6000000, 0x00000000db180000, 0x0000000100000000)
  eden space 45568K, 0% used [0x00000000d6000000,0x00000000d6000000,0x00000000d8c80000)
  from space 13824K, 39% used [0x00000000d9a00000,0x00000000d9f4bf60,0x00000000da780000)
  to   space 13824K, 0% used [0x00000000d8c80000,0x00000000d8c80000,0x00000000d9a00000)
 ParOldGen       total 80384K, used 21044K [0x0000000082000000, 0x0000000086e80000, 0x00000000d6000000)
  object space 80384K, 26% used [0x0000000082000000,0x000000008348d0f0,0x0000000086e80000)
 Metaspace       used 27763K, capacity 29398K, committed 29568K, reserved 1075200K
  class space    used 3916K, capacity 4202K, committed 4224K, reserved 1048576K
}
Event: 15.178 GC heap before
{Heap before GC invocations=8 (full 1):
 PSYoungGen      total 59392K, used 50991K [0x00000000d6000000, 0x00000000db180000, 0x0000000100000000)
  eden space 45568K, 100% used [0x00000000d6000000,0x00000000d8c80000,0x00000000d8c80000)
  from space 13824K, 39% used [0x00000000d9a00000,0x00000000d9f4bf60,0x00000000da780000)
  to   space 13824K, 0% used [0x00000000d8c80000,0x00000000d8c80000,0x00000000d9a00000)
 ParOldGen       total 80384K, used 21044K [0x0000000082000000, 0x0000000086e80000, 0x00000000d6000000)
  object space 80384K, 26% used [0x0000000082000000,0x000000008348d0f0,0x0000000086e80000)
 Metaspace       used 28004K, capacity 29668K, committed 29952K, reserved 1075200K
  class space    used 3930K, capacity 4241K, committed 4352K, reserved 1048576K
Event: 15.183 GC heap after
Heap after GC invocations=8 (full 1):
 PSYoungGen      total 59392K, used 7052K [0x00000000d6000000, 0x00000000dbb80000, 0x0000000100000000)
  eden space 45568K, 0% used [0x00000000d6000000,0x00000000d6000000,0x00000000d8c80000)
  from space 13824K, 51% used [0x00000000d8c80000,0x00000000d9363320,0x00000000d9a00000)
  to   space 13312K, 0% used [0x00000000dae80000,0x00000000dae80000,0x00000000dbb80000)
 ParOldGen       total 80384K, used 21052K [0x0000000082000000, 0x0000000086e80000, 0x00000000d6000000)
  object space 80384K, 26% used [0x0000000082000000,0x000000008348f0f0,0x0000000086e80000)
 Metaspace       used 28004K, capacity 29668K, committed 29952K, reserved 1075200K
  class space    used 3930K, capacity 4241K, committed 4352K, reserved 1048576K
}
Event: 15.528 GC heap before
{Heap before GC invocations=9 (full 1):
 PSYoungGen      total 59392K, used 52599K [0x00000000d6000000, 0x00000000dbb80000, 0x0000000100000000)
  eden space 45568K, 99% used [0x00000000d6000000,0x00000000d8c7ab48,0x00000000d8c80000)
  from space 13824K, 51% used [0x00000000d8c80000,0x00000000d9363320,0x00000000d9a00000)
  to   space 13312K, 0% used [0x00000000dae80000,0x00000000dae80000,0x00000000dbb80000)
 ParOldGen       total 80384K, used 21052K [0x0000000082000000, 0x0000000086e80000, 0x00000000d6000000)
  object space 80384K, 26% used [0x0000000082000000,0x000000008348f0f0,0x0000000086e80000)
 Metaspace       used 28375K, capacity 30052K, committed 30208K, reserved 1075200K
  class space    used 3933K, capacity 4241K, committed 4352K, reserved 1048576K
Event: 15.535 GC heap after
Heap after GC invocations=9 (full 1):
 PSYoungGen      total 80384K, used 9424K [0x00000000d6000000, 0x00000000dbc00000, 0x0000000100000000)
  eden space 67072K, 0% used [0x00000000d6000000,0x00000000d6000000,0x00000000da180000)
  from space 13312K, 70% used [0x00000000dae80000,0x00000000db7b4390,0x00000000dbb80000)
  to   space 13312K, 0% used [0x00000000da180000,0x00000000da180000,0x00000000dae80000)
 ParOldGen       total 80384K, used 21060K [0x0000000082000000, 0x0000000086e80000, 0x00000000d6000000)
  object space 80384K, 26% used [0x0000000082000000,0x00000000834910f0,0x0000000086e80000)
 Metaspace       used 28375K, capacity 30052K, committed 30208K, reserved 1075200K
  class space    used 3933K, capacity 4241K, committed 4352K, reserved 1048576K
}
Event: 16.334 GC heap before
{Heap before GC invocations=10 (full 1):
 PSYoungGen      total 80384K, used 76496K [0x00000000d6000000, 0x00000000dbc00000, 0x0000000100000000)
  eden space 67072K, 100% used [0x00000000d6000000,0x00000000da180000,0x00000000da180000)
  from space 13312K, 70% used [0x00000000dae80000,0x00000000db7b4390,0x00000000dbb80000)
  to   space 13312K, 0% used [0x00000000da180000,0x00000000da180000,0x00000000dae80000)
 ParOldGen       total 80384K, used 21060K [0x0000000082000000, 0x0000000086e80000, 0x00000000d6000000)
  object space 80384K, 26% used [0x0000000082000000,0x00000000834910f0,0x0000000086e80000)
 Metaspace       used 28641K, capacity 30308K, committed 30464K, reserved 1075200K
  class space    used 3935K, capacity 4241K, committed 4352K, reserved 1048576K
Event: 16.341 GC heap after
Heap after GC invocations=10 (full 1):
 PSYoungGen      total 80384K, used 10396K [0x00000000d6000000, 0x00000000dce00000, 0x0000000100000000)
  eden space 67072K, 0% used [0x00000000d6000000,0x00000000d6000000,0x00000000da180000)
  from space 13312K, 78% used [0x00000000da180000,0x00000000daba7060,0x00000000dae80000)
  to   space 13824K, 0% used [0x00000000dc080000,0x00000000dc080000,0x00000000dce00000)
 ParOldGen       total 80384K, used 21068K [0x0000000082000000, 0x0000000086e80000, 0x00000000d6000000)
  object space 80384K, 26% used [0x0000000082000000,0x00000000834930f0,0x0000000086e80000)
 Metaspace       used 28641K, capacity 30308K, committed 30464K, reserved 1075200K
  class space    used 3935K, capacity 4241K, committed 4352K, reserved 1048576K
}
Event: 17.707 GC heap before
{Heap before GC invocations=11 (full 1):
 PSYoungGen      total 80384K, used 77451K [0x00000000d6000000, 0x00000000dce00000, 0x0000000100000000)
  eden space 67072K, 99% used [0x00000000d6000000,0x00000000da17bd78,0x00000000da180000)
  from space 13312K, 78% used [0x00000000da180000,0x00000000daba7060,0x00000000dae80000)
  to   space 13824K, 0% used [0x00000000dc080000,0x00000000dc080000,0x00000000dce00000)
 ParOldGen       total 80384K, used 21068K [0x0000000082000000, 0x0000000086e80000, 0x00000000d6000000)
  object space 80384K, 26% used [0x0000000082000000,0x00000000834930f0,0x0000000086e80000)
 Metaspace       used 28866K, capacity 30504K, committed 30720K, reserved 1075200K
  class space    used 3939K, capacity 4241K, committed 4352K, reserved 1048576K
Event: 17.713 GC heap after
Heap after GC invocations=11 (full 1):
 PSYoungGen      total 95744K, used 10477K [0x00000000d6000000, 0x00000000dcd00000, 0x0000000100000000)
  eden space 82944K, 0% used [0x00000000d6000000,0x00000000d6000000,0x00000000db100000)
  from space 12800K, 81% used [0x00000000dc080000,0x00000000dcabb6f0,0x00000000dcd00000)
  to   space 14336K, 0% used [0x00000000db100000,0x00000000db100000,0x00000000dbf00000)
 ParOldGen       total 80384K, used 21076K [0x0000000082000000, 0x0000000086e80000, 0x00000000d6000000)
  object space 80384K, 26% used [0x0000000082000000,0x00000000834950f0,0x0000000086e80000)
 Metaspace       used 28866K, capacity 30504K, committed 30720K, reserved 1075200K
  class space    used 3939K, capacity 4241K, committed 4352K, reserved 1048576K
}

